<?xml version="1.0" encoding="UTF-8"?>
<!-- Generated by org.testng.reporters.JUnitReportReporter -->
<testsuite hostname="parth-HP-245-G7-Notebook-PC" failures="0" tests="1" name="module.Tasks" time="10.533" errors="0" timestamp="2022-07-18T12:08:46 IST" skipped="0">
  <testcase classname="module.Tasks" name="task" time="10.533"/>
  <system-out/>
</testsuite> <!-- module.Tasks -->
